0001_0007_0024_0034_0034.jpg 1 7 24 34 34
0002_0037_0028_0039_0039.jpg 1 37 28 39 39
0003_0023_0019_0064_0064.jpg 1 23 19 64 64
0004_0044_0034_0045_0045.jpg 1 44 34 45 45
0005_0063_0032_0025_0025.jpg 1 63 32 25 25
0006_0031_0035_0054_0054.jpg 1 31 35 54 54
0007_0034_0031_0046_0046.jpg 1 34 31 46 46
0008_0035_0036_0041_0041.jpg 1 35 36 41 41
0009_0027_0018_0057_0057.jpg 1 27 18 57 57
0010_0021_0034_0053_0053.jpg 1 21 34 53 53
0011_0031_0020_0031_0031.jpg 1 31 20 31 31
0012_0017_0033_0052_0052.jpg 1 17 33 52 52
0013_0039_0021_0055_0055.jpg 1 39 21 55 55
0014_0004_0025_0067_0067.jpg 1 4 25 67 67
0015_0013_0032_0054_0054.jpg 1 13 32 54 54
0016_0041_0050_0041_0041.jpg 1 41 50 41 41
0017_0036_0024_0043_0043.jpg 1 36 24 43 43
0018_0021_0019_0033_0033.jpg 1 21 19 33 33
0019_0009_0025_0051_0051.jpg 1 9 25 51 51
0020_0011_0031_0058_0058.jpg 1 11 31 58 58
0021_0023_0023_0038_0038.jpg 1 23 23 38 38
0022_0028_0015_0038_0038.jpg 1 28 15 38 38
0023_0026_0012_0066_0066.jpg 1 26 12 66 66
0024_0021_0024_0060_0060.jpg 1 21 24 60 60
0025_0014_0012_0061_0061.jpg 1 14 12 61 61
0026_0043_0032_0028_0028.jpg 1 43 32 28 28
0027_0047_0053_0039_0039.jpg 1 47 53 39 39
0028_0012_0010_0044_0044.jpg 1 12 10 44 44
0029_0045_0028_0025_0025.jpg 1 45 28 25 25
0030_0007_0038_0038_0038.jpg 1 7 38 38 38
0031_0047_0035_0037_0037.jpg 1 47 35 37 37
0032_0030_0027_0052_0052.jpg 1 30 27 52 52
0033_0021_0022_0065_0065.jpg 1 21 22 65 65
0034_0040_0022_0049_0049.jpg 1 40 22 49 49
0035_0022_0018_0065_0065.jpg 1 22 18 65 65
0036_0017_0023_0026_0026.jpg 1 17 23 26 26
0037_0009_0034_0055_0055.jpg 1 9 34 55 55
0038_0016_0030_0058_0058.jpg 1 16 30 58 58
0039_0046_0056_0029_0029.jpg 1 46 56 29 29
0040_0006_0008_0064_0064.jpg 1 6 8 64 64
0041_0021_0024_0051_0051.jpg 1 21 24 51 51
0042_0021_0016_0034_0034.jpg 1 21 16 34 34
0043_0005_0004_0063_0063.jpg 1 5 4 63 63
0044_0005_0040_0047_0047.jpg 1 5 40 47 47
0045_0017_0006_0064_0064.jpg 1 17 6 64 64
0046_0026_0042_0050_0050.jpg 1 26 42 50 50
0047_0029_0031_0063_0063.jpg 1 29 31 63 63
0048_0007_0022_0068_0068.jpg 1 7 22 68 68
0049_0034_0027_0053_0053.jpg 1 34 27 53 53
0050_0050_0033_0033_0033.jpg 1 50 33 33 33
0051_0015_0011_0069_0069.jpg 1 15 11 69 69
0052_0041_0030_0050_0050.jpg 1 41 30 50 50
0053_0006_0009_0067_0067.jpg 1 6 9 67 67
0054_0017_0037_0035_0035.jpg 1 17 37 35 35
0055_0015_0047_0033_0033.jpg 1 15 47 33 33
0056_0017_0029_0059_0059.jpg 1 17 29 59 59
0057_0014_0040_0054_0054.jpg 1 14 40 54 54
0058_0018_0046_0041_0041.jpg 1 18 46 41 41
0059_0011_0046_0033_0033.jpg 1 11 46 33 33
0060_0039_0030_0050_0050.jpg 1 39 30 50 50
0061_0014_0028_0040_0040.jpg 1 14 28 40 40
0062_0033_0028_0057_0057.jpg 1 33 28 57 57
0063_0007_0027_0068_0068.jpg 1 7 27 68 68
0064_0051_0029_0037_0037.jpg 1 51 29 37 37
0065_0016_0009_0052_0052.jpg 1 16 9 52 52
0066_0045_0027_0034_0034.jpg 1 45 27 34 34
0067_0037_0019_0056_0056.jpg 1 37 19 56 56
0068_0027_0026_0066_0066.jpg 1 27 26 66 66
0069_0018_0012_0064_0064.jpg 1 18 12 64 64
0070_0016_0012_0064_0064.jpg 1 16 12 64 64
0071_0054_0019_0030_0030.jpg 1 54 19 30 30
0072_0010_0049_0025_0025.jpg 1 10 49 25 25
0073_0066_0042_0025_0025.jpg 1 66 42 25 25
0074_0059_0011_0026_0026.jpg 1 59 11 26 26
0075_0029_0027_0056_0056.jpg 1 29 27 56 56
0076_0017_0013_0068_0068.jpg 1 17 13 68 68
0077_0007_0014_0059_0059.jpg 1 7 14 59 59
0078_0011_0037_0035_0035.jpg 1 11 37 35 35
0079_0010_0015_0036_0036.jpg 1 10 15 36 36
0080_0018_0026_0051_0051.jpg 1 18 26 51 51
0081_0026_0030_0036_0036.jpg 1 26 30 36 36
0082_0013_0052_0038_0038.jpg 1 13 52 38 38
0083_0004_0027_0063_0063.jpg 1 4 27 63 63
0084_0010_0043_0040_0040.jpg 1 10 43 40 40
0085_0011_0025_0059_0059.jpg 1 11 25 59 59
0086_0019_0022_0058_0058.jpg 1 19 22 58 58
0087_0012_0025_0025_0025.jpg 1 12 25 25 25
0088_0037_0015_0053_0053.jpg 1 37 15 53 53
0089_0032_0035_0059_0059.jpg 1 32 35 59 59
0090_0037_0021_0049_0049.jpg 1 37 21 49 49
0091_0007_0023_0035_0035.jpg 1 7 23 35 35
0092_0014_0040_0045_0045.jpg 1 14 40 45 45
0093_0033_0021_0060_0060.jpg 1 33 21 60 60
0094_0006_0025_0062_0062.jpg 1 6 25 62 62
0095_0056_0037_0025_0025.jpg 1 56 37 25 25
0096_0041_0042_0040_0040.jpg 1 41 42 40 40
0097_0019_0023_0051_0051.jpg 1 19 23 51 51
0098_0035_0024_0055_0055.jpg 1 35 24 55 55
0099_0039_0037_0039_0039.jpg 1 39 37 39 39
0100_0013_0007_0059_0059.jpg 1 13 7 59 59
0101_0060_0037_0031_0031.jpg 1 60 37 31 31
0102_0025_0009_0025_0025.jpg 1 25 9 25 25
0103_0027_0029_0033_0033.jpg 1 27 29 33 33
0104_0013_0033_0056_0056.jpg 1 13 33 56 56
0105_0016_0029_0066_0066.jpg 1 16 29 66 66
0106_0036_0040_0042_0042.jpg 1 36 40 42 42
0107_0023_0027_0062_0062.jpg 1 23 27 62 62
0108_0046_0043_0047_0047.jpg 1 46 43 47 47
0109_0022_0008_0027_0027.jpg 1 22 8 27 27
0110_0018_0048_0030_0030.jpg 1 18 48 30 30
0111_0011_0014_0038_0038.jpg 1 11 14 38 38
0112_0016_0030_0062_0062.jpg 1 16 30 62 62
0113_0055_0024_0028_0028.jpg 1 55 24 28 28
0114_0054_0021_0028_0028.jpg 1 54 21 28 28
0115_0049_0031_0035_0035.jpg 1 49 31 35 35
0116_0033_0025_0049_0049.jpg 1 33 25 49 49
0117_0036_0046_0047_0047.jpg 1 36 46 47 47
0118_0031_0042_0042_0042.jpg 1 31 42 42 42
0119_0039_0036_0043_0043.jpg 1 39 36 43 43
0120_0055_0013_0026_0026.jpg 1 55 13 26 26
0121_0033_0013_0055_0055.jpg 1 33 13 55 55
0122_0012_0049_0024_0024.jpg 1 12 49 24 24
0123_0008_0023_0042_0042.jpg 1 8 23 42 42
0124_0013_0043_0052_0052.jpg 1 13 43 52 52
0125_0019_0019_0059_0059.jpg 1 19 19 59 59
0126_0007_0007_0034_0034.jpg 1 7 7 34 34
0127_0019_0034_0045_0045.jpg 1 19 34 45 45
0128_0006_0027_0055_0055.jpg 1 6 27 55 55
0129_0010_0029_0052_0052.jpg 1 10 29 52 52
0130_0019_0039_0041_0041.jpg 1 19 39 41 41
0131_0015_0040_0032_0032.jpg 1 15 40 32 32
0132_0011_0008_0066_0066.jpg 1 11 8 66 66
0133_0029_0029_0053_0053.jpg 1 29 29 53 53
0134_0007_0021_0068_0068.jpg 1 7 21 68 68
0135_0054_0040_0039_0039.jpg 1 54 40 39 39
0136_0009_0020_0057_0057.jpg 1 9 20 57 57
0137_0019_0013_0060_0060.jpg 1 19 13 60 60
0138_0031_0009_0055_0055.jpg 1 31 9 55 55
0139_0016_0009_0041_0041.jpg 1 16 9 41 41
0140_0014_0008_0053_0053.jpg 1 14 8 53 53
0141_0014_0013_0045_0045.jpg 1 14 13 45 45
0142_0023_0029_0036_0036.jpg 1 23 29 36 36
0143_0019_0032_0058_0058.jpg 1 19 32 58 58
0144_0030_0009_0064_0064.jpg 1 30 9 64 64
0145_0034_0023_0060_0060.jpg 1 34 23 60 60
0146_0013_0012_0068_0068.jpg 1 13 12 68 68
0147_0012_0018_0058_0058.jpg 1 12 18 58 58
0148_0010_0036_0058_0058.jpg 1 10 36 58 58
0149_0005_0010_0068_0068.jpg 1 5 10 68 68
0150_0044_0044_0047_0047.jpg 1 44 44 47 47
0151_0044_0036_0042_0042.jpg 1 44 36 42 42
0152_0006_0004_0066_0066.jpg 1 6 4 66 66
0153_0006_0029_0065_0065.jpg 1 6 29 65 65
0154_0029_0009_0060_0060.jpg 1 29 9 60 60
0155_0005_0021_0054_0054.jpg 1 5 21 54 54
0156_0012_0044_0030_0030.jpg 1 12 44 30 30
0157_0033_0029_0037_0037.jpg 1 33 29 37 37
0158_0008_0020_0056_0056.jpg 1 8 20 56 56
0159_0029_0012_0052_0052.jpg 1 29 12 52 52
0160_0028_0005_0063_0063.jpg 1 28 5 63 63
0161_0035_0012_0042_0042.jpg 1 35 12 42 42
0162_0025_0040_0038_0038.jpg 1 25 40 38 38
0163_0041_0056_0026_0026.jpg 1 41 56 26 26
0164_0012_0039_0052_0052.jpg 1 12 39 52 52
0165_0016_0028_0028_0028.jpg 1 16 28 28 28
0166_0018_0025_0054_0054.jpg 1 18 25 54 54
0167_0038_0017_0055_0055.jpg 1 38 17 55 55
0168_0006_0031_0048_0048.jpg 1 6 31 48 48
0169_0020_0012_0027_0027.jpg 1 20 12 27 27
0170_0025_0025_0046_0046.jpg 1 25 25 46 46
0171_0042_0049_0034_0034.jpg 1 42 49 34 34
0172_0010_0030_0057_0057.jpg 1 10 30 57 57
0173_0020_0041_0040_0040.jpg 1 20 41 40 40
0174_0005_0035_0047_0047.jpg 1 5 35 47 47
0175_0022_0029_0057_0057.jpg 1 22 29 57 57
0176_0049_0007_0037_0037.jpg 1 49 7 37 37
0177_0016_0040_0034_0034.jpg 1 16 40 34 34
0178_0008_0032_0026_0026.jpg 1 8 32 26 26
0179_0017_0015_0052_0052.jpg 1 17 15 52 52
0180_0040_0034_0054_0054.jpg 1 40 34 54 54
0181_0038_0050_0034_0034.jpg 1 38 50 34 34
0182_0043_0035_0031_0031.jpg 1 43 35 31 31
0183_0052_0038_0040_0040.jpg 1 52 38 40 40
0184_0016_0029_0065_0065.jpg 1 16 29 65 65
0185_0051_0041_0042_0042.jpg 1 51 41 42 42
0186_0021_0014_0068_0068.jpg 1 21 14 68 68
0187_0046_0047_0047_0047.jpg 1 46 47 47 47
0188_0012_0024_0066_0066.jpg 1 12 24 66 66
0189_0007_0047_0041_0041.jpg 1 7 47 41 41
0190_0033_0033_0024_0024.jpg 1 33 33 24 24
0191_0011_0019_0047_0047.jpg 1 11 19 47 47
0192_0035_0006_0042_0042.jpg 1 35 6 42 42
0193_0031_0023_0042_0042.jpg 1 31 23 42 42
0194_0020_0007_0068_0068.jpg 1 20 7 68 68
0195_0010_0023_0061_0061.jpg 1 10 23 61 61
0196_0013_0041_0046_0046.jpg 1 13 41 46 46
0197_0033_0027_0047_0047.jpg 1 33 27 47 47
0198_0012_0010_0024_0024.jpg 1 12 10 24 24
0199_0010_0046_0043_0043.jpg 1 10 46 43 43
0200_0023_0047_0041_0041.jpg 1 23 47 41 41
0201_0046_0050_0044_0044.jpg 1 46 50 44 44
0202_0023_0043_0038_0038.jpg 1 23 43 38 38
0203_0025_0039_0031_0031.jpg 1 25 39 31 31
0204_0011_0012_0059_0059.jpg 1 11 12 59 59
0205_0023_0021_0063_0063.jpg 1 23 21 63 63
0206_0011_0006_0065_0065.jpg 1 11 6 65 65
0207_0026_0017_0065_0065.jpg 1 26 17 65 65
0208_0035_0056_0034_0034.jpg 1 35 56 34 34
0209_0028_0004_0054_0054.jpg 1 28 4 54 54
0210_0055_0045_0037_0037.jpg 1 55 45 37 37
0211_0024_0032_0057_0057.jpg 1 24 32 57 57
0212_0015_0016_0058_0058.jpg 1 15 16 58 58
0213_0017_0029_0066_0066.jpg 1 17 29 66 66
0214_0034_0028_0062_0062.jpg 1 34 28 62 62
0215_0021_0029_0066_0066.jpg 1 21 29 66 66
0216_0004_0011_0061_0061.jpg 1 4 11 61 61
0217_0030_0005_0051_0051.jpg 1 30 5 51 51
0218_0016_0030_0053_0053.jpg 1 16 30 53 53
0219_0016_0011_0067_0067.jpg 1 16 11 67 67
0220_0023_0008_0050_0050.jpg 1 23 8 50 50
0221_0020_0045_0046_0046.jpg 1 20 45 46 46
0222_0031_0015_0049_0049.jpg 1 31 15 49 49
0223_0008_0016_0065_0065.jpg 1 8 16 65 65
0224_0016_0028_0061_0061.jpg 1 16 28 61 61
0225_0005_0018_0062_0062.jpg 1 5 18 62 62
0226_0035_0015_0049_0049.jpg 1 35 15 49 49
0227_0014_0027_0063_0063.jpg 1 14 27 63 63
0228_0008_0027_0037_0037.jpg 1 8 27 37 37
0229_0006_0021_0068_0068.jpg 1 6 21 68 68
0230_0032_0015_0043_0043.jpg 1 32 15 43 43
0231_0015_0018_0068_0068.jpg 1 15 18 68 68
0232_0030_0022_0062_0062.jpg 1 30 22 62 62
0233_0019_0029_0041_0041.jpg 1 19 29 41 41
0234_0022_0019_0069_0069.jpg 1 22 19 69 69
0235_0024_0029_0027_0027.jpg 1 24 29 27 27
0236_0017_0031_0031_0031.jpg 1 17 31 31 31
0237_0055_0039_0028_0028.jpg 1 55 39 28 28
0238_0010_0010_0051_0051.jpg 1 10 10 51 51
0239_0010_0056_0028_0028.jpg 1 10 56 28 28
0240_0039_0007_0049_0049.jpg 1 39 7 49 49
0241_0013_0016_0046_0046.jpg 1 13 16 46 46
0242_0004_0038_0053_0053.jpg 1 4 38 53 53
0243_0037_0017_0042_0042.jpg 1 37 17 42 42
0244_0032_0011_0063_0063.jpg 1 32 11 63 63
0245_0023_0037_0043_0043.jpg 1 23 37 43 43
0246_0005_0039_0055_0055.jpg 1 5 39 55 55
0247_0007_0058_0029_0029.jpg 1 7 58 29 29
0248_0014_0023_0061_0061.jpg 1 14 23 61 61
0249_0053_0021_0039_0039.jpg 1 53 21 39 39
0250_0022_0026_0069_0069.jpg 1 22 26 69 69
0251_0056_0047_0033_0033.jpg 1 56 47 33 33
0252_0015_0022_0062_0062.jpg 1 15 22 62 62
0253_0060_0032_0028_0028.jpg 1 60 32 28 28
0254_0006_0016_0066_0066.jpg 1 6 16 66 66
0255_0028_0010_0056_0056.jpg 1 28 10 56 56
0256_0007_0017_0064_0064.jpg 1 7 17 64 64
0257_0009_0056_0033_0033.jpg 1 9 56 33 33
0258_0009_0035_0049_0049.jpg 1 9 35 49 49
0259_0005_0028_0047_0047.jpg 1 5 28 47 47
0260_0028_0053_0035_0035.jpg 1 28 53 35 35
0261_0057_0017_0036_0036.jpg 1 57 17 36 36
0262_0025_0039_0042_0042.jpg 1 25 39 42 42
0263_0026_0053_0025_0025.jpg 1 26 53 25 25
0264_0023_0011_0063_0063.jpg 1 23 11 63 63
0265_0009_0027_0065_0065.jpg 1 9 27 65 65
0266_0009_0015_0057_0057.jpg 1 9 15 57 57
0267_0008_0026_0068_0068.jpg 1 8 26 68 68
0268_0028_0044_0042_0042.jpg 1 28 44 42 42
0269_0015_0016_0068_0068.jpg 1 15 16 68 68
0270_0018_0010_0065_0065.jpg 1 18 10 65 65
0271_0009_0031_0047_0047.jpg 1 9 31 47 47
0272_0048_0044_0036_0036.jpg 1 48 44 36 36
0273_0010_0043_0044_0044.jpg 1 10 43 44 44
0274_0012_0031_0064_0064.jpg 1 12 31 64 64
0275_0009_0011_0030_0030.jpg 1 9 11 30 30
0276_0053_0010_0033_0033.jpg 1 53 10 33 33
0277_0044_0014_0042_0042.jpg 1 44 14 42 42
0278_0024_0061_0027_0027.jpg 1 24 61 27 27
0279_0048_0032_0030_0030.jpg 1 48 32 30 30
0280_0039_0015_0055_0055.jpg 1 39 15 55 55
0281_0024_0037_0051_0051.jpg 1 24 37 51 51
0282_0016_0049_0037_0037.jpg 1 16 49 37 37
0283_0009_0011_0056_0056.jpg 1 9 11 56 56
0284_0010_0024_0063_0063.jpg 1 10 24 63 63
0285_0010_0017_0064_0064.jpg 1 10 17 64 64
0286_0023_0013_0069_0069.jpg 1 23 13 69 69
0287_0031_0007_0046_0046.jpg 1 31 7 46 46
0288_0027_0030_0043_0043.jpg 1 27 30 43 43
0289_0024_0018_0064_0064.jpg 1 24 18 64 64
0290_0040_0063_0026_0026.jpg 1 40 63 26 26
0291_0019_0034_0027_0027.jpg 1 19 34 27 27
0292_0013_0015_0028_0028.jpg 1 13 15 28 28
0293_0035_0037_0054_0054.jpg 1 35 37 54 54
0294_0031_0029_0056_0056.jpg 1 31 29 56 56
0295_0010_0010_0066_0066.jpg 1 10 10 66 66
0296_0037_0015_0030_0030.jpg 1 37 15 30 30
0297_0025_0016_0058_0058.jpg 1 25 16 58 58
0298_0014_0016_0062_0062.jpg 1 14 16 62 62
0299_0007_0007_0067_0067.jpg 1 7 7 67 67
0300_0020_0013_0032_0032.jpg 1 20 13 32 32
0301_0029_0053_0027_0027.jpg 1 29 53 27 27
0302_0055_0051_0024_0024.jpg 1 55 51 24 24
0303_0007_0039_0053_0053.jpg 1 7 39 53 53
0304_0010_0021_0056_0056.jpg 1 10 21 56 56
0305_0016_0016_0045_0045.jpg 1 16 16 45 45
0306_0045_0062_0029_0029.jpg 1 45 62 29 29
0307_0031_0019_0032_0032.jpg 1 31 19 32 32
0308_0033_0024_0054_0054.jpg 1 33 24 54 54
0309_0049_0043_0032_0032.jpg 1 49 43 32 32
0310_0049_0062_0027_0027.jpg 1 49 62 27 27
0311_0015_0051_0030_0030.jpg 1 15 51 30 30
0312_0032_0016_0047_0047.jpg 1 32 16 47 47
0313_0037_0052_0038_0038.jpg 1 37 52 38 38
0314_0044_0009_0049_0049.jpg 1 44 9 49 49
0315_0011_0030_0066_0066.jpg 1 11 30 66 66
0316_0030_0019_0039_0039.jpg 1 30 19 39 39
0317_0012_0015_0054_0054.jpg 1 12 15 54 54
0318_0018_0007_0054_0054.jpg 1 18 7 54 54
0319_0015_0043_0028_0028.jpg 1 15 43 28 28
0320_0019_0012_0048_0048.jpg 1 19 12 48 48
0321_0039_0033_0045_0045.jpg 1 39 33 45 45
0322_0005_0028_0054_0054.jpg 1 5 28 54 54
0323_0007_0007_0069_0069.jpg 1 7 7 69 69
0324_0034_0043_0038_0038.jpg 1 34 43 38 38
0325_0026_0030_0063_0063.jpg 1 26 30 63 63
0326_0028_0022_0049_0049.jpg 1 28 22 49 49
0327_0020_0008_0059_0059.jpg 1 20 8 59 59
0328_0036_0025_0044_0044.jpg 1 36 25 44 44
0329_0014_0027_0063_0063.jpg 1 14 27 63 63
0330_0016_0027_0061_0061.jpg 1 16 27 61 61
0331_0055_0047_0026_0026.jpg 1 55 47 26 26
0332_0043_0035_0035_0035.jpg 1 43 35 35 35
0333_0008_0015_0028_0028.jpg 1 8 15 28 28
0334_0038_0005_0045_0045.jpg 1 38 5 45 45
0335_0008_0022_0066_0066.jpg 1 8 22 66 66
0336_0012_0043_0044_0044.jpg 1 12 43 44 44
0337_0008_0040_0037_0037.jpg 1 8 40 37 37
0338_0023_0012_0048_0048.jpg 1 23 12 48 48
0339_0029_0020_0064_0064.jpg 1 29 20 64 64
0340_0032_0043_0048_0048.jpg 1 32 43 48 48
0341_0020_0020_0067_0067.jpg 1 20 20 67 67
0342_0010_0026_0065_0065.jpg 1 10 26 65 65
0343_0019_0024_0057_0057.jpg 1 19 24 57 57
0344_0013_0014_0050_0050.jpg 1 13 14 50 50
0345_0044_0023_0027_0027.jpg 1 44 23 27 27
0346_0028_0021_0067_0067.jpg 1 28 21 67 67
0347_0031_0023_0046_0046.jpg 1 31 23 46 46
0348_0006_0015_0037_0037.jpg 1 6 15 37 37
0349_0022_0028_0052_0052.jpg 1 22 28 52 52
0350_0034_0032_0053_0053.jpg 1 34 32 53 53
0351_0045_0022_0045_0045.jpg 1 45 22 45 45
0352_0046_0009_0041_0041.jpg 1 46 9 41 41
0353_0016_0043_0043_0043.jpg 1 16 43 43 43
0354_0014_0019_0040_0040.jpg 1 14 19 40 40
0355_0028_0012_0024_0024.jpg 1 28 12 24 24
0356_0031_0031_0051_0051.jpg 1 31 31 51 51
0357_0056_0034_0035_0035.jpg 1 56 34 35 35
0358_0038_0019_0035_0035.jpg 1 38 19 35 35
0359_0030_0009_0065_0065.jpg 1 30 9 65 65
0360_0022_0060_0029_0029.jpg 1 22 60 29 29
0361_0015_0029_0041_0041.jpg 1 15 29 41 41
0362_0014_0048_0040_0040.jpg 1 14 48 40 40
0363_0008_0007_0054_0054.jpg 1 8 7 54 54
0364_0020_0006_0066_0066.jpg 1 20 6 66 66
0365_0025_0007_0058_0058.jpg 1 25 7 58 58
0366_0035_0029_0055_0055.jpg 1 35 29 55 55
0367_0032_0025_0064_0064.jpg 1 32 25 64 64
0368_0039_0042_0046_0046.jpg 1 39 42 46 46
0369_0028_0039_0053_0053.jpg 1 28 39 53 53
0370_0060_0055_0024_0024.jpg 1 60 55 24 24
0371_0028_0005_0057_0057.jpg 1 28 5 57 57
0372_0010_0024_0028_0028.jpg 1 10 24 28 28
0373_0029_0043_0045_0045.jpg 1 29 43 45 45
0374_0012_0034_0061_0061.jpg 1 12 34 61 61
0375_0038_0023_0055_0055.jpg 1 38 23 55 55
0376_0042_0046_0046_0046.jpg 1 42 46 46 46
0377_0032_0033_0040_0040.jpg 1 32 33 40 40
0378_0043_0043_0040_0040.jpg 1 43 43 40 40
0379_0008_0032_0057_0057.jpg 1 8 32 57 57
0380_0025_0028_0065_0065.jpg 1 25 28 65 65
0381_0022_0019_0064_0064.jpg 1 22 19 64 64
0382_0016_0027_0050_0050.jpg 1 16 27 50 50
0383_0007_0023_0063_0063.jpg 1 7 23 63 63
0384_0040_0017_0031_0031.jpg 1 40 17 31 31
0385_0036_0043_0029_0029.jpg 1 36 43 29 29
0386_0026_0024_0068_0068.jpg 1 26 24 68 68
0387_0011_0016_0064_0064.jpg 1 11 16 64 64
0388_0032_0041_0042_0042.jpg 1 32 41 42 42
0389_0033_0046_0034_0034.jpg 1 33 46 34 34
0390_0032_0040_0044_0044.jpg 1 32 40 44 44
0391_0042_0031_0047_0047.jpg 1 42 31 47 47
0392_0056_0024_0030_0030.jpg 1 56 24 30 30
0393_0034_0022_0057_0057.jpg 1 34 22 57 57
0394_0034_0057_0028_0028.jpg 1 34 57 28 28
0395_0034_0018_0058_0058.jpg 1 34 18 58 58
0396_0017_0006_0059_0059.jpg 1 17 6 59 59
0397_0025_0021_0069_0069.jpg 1 25 21 69 69
0398_0033_0022_0045_0045.jpg 1 33 22 45 45
0399_0033_0006_0060_0060.jpg 1 33 6 60 60
0400_0030_0040_0048_0048.jpg 1 30 40 48 48
0401_0007_0027_0069_0069.jpg 1 7 27 69 69
0402_0060_0034_0027_0027.jpg 1 60 34 27 27
0403_0029_0005_0065_0065.jpg 1 29 5 65 65
0404_0059_0056_0034_0034.jpg 1 59 56 34 34
0405_0034_0031_0037_0037.jpg 1 34 31 37 37
0406_0012_0018_0060_0060.jpg 1 12 18 60 60
0407_0028_0022_0042_0042.jpg 1 28 22 42 42
0408_0054_0041_0027_0027.jpg 1 54 41 27 27
0409_0034_0014_0056_0056.jpg 1 34 14 56 56
0410_0023_0007_0061_0061.jpg 1 23 7 61 61
0411_0013_0005_0061_0061.jpg 1 13 5 61 61
0412_0022_0016_0042_0042.jpg 1 22 16 42 42
0413_0010_0026_0048_0048.jpg 1 10 26 48 48
0414_0038_0042_0047_0047.jpg 1 38 42 47 47
0415_0032_0031_0057_0057.jpg 1 32 31 57 57
0416_0010_0004_0066_0066.jpg 1 10 4 66 66
0417_0044_0007_0049_0049.jpg 1 44 7 49 49
0418_0044_0022_0046_0046.jpg 1 44 22 46 46
0419_0023_0009_0042_0042.jpg 1 23 9 42 42
0420_0051_0030_0037_0037.jpg 1 51 30 37 37
0421_0056_0014_0036_0036.jpg 1 56 14 36 36
0422_0044_0027_0030_0030.jpg 1 44 27 30 30
0423_0024_0022_0059_0059.jpg 1 24 22 59 59
0424_0004_0016_0066_0066.jpg 1 4 16 66 66
0425_0022_0012_0056_0056.jpg 1 22 12 56 56
0426_0015_0035_0060_0060.jpg 1 15 35 60 60
0427_0012_0053_0034_0034.jpg 1 12 53 34 34
0428_0017_0029_0054_0054.jpg 1 17 29 54 54
0429_0008_0068_0024_0024.jpg 1 8 68 24 24
0430_0018_0029_0035_0035.jpg 1 18 29 35 35
0431_0016_0007_0028_0028.jpg 1 16 7 28 28
0432_0018_0032_0037_0037.jpg 1 18 32 37 37
0433_0024_0021_0050_0050.jpg 1 24 21 50 50
0434_0052_0025_0038_0038.jpg 1 52 25 38 38
0435_0015_0013_0067_0067.jpg 1 15 13 67 67
0436_0016_0053_0029_0029.jpg 1 16 53 29 29
0437_0034_0030_0046_0046.jpg 1 34 30 46 46
0438_0012_0021_0052_0052.jpg 1 12 21 52 52
0439_0015_0057_0036_0036.jpg 1 15 57 36 36
0440_0011_0012_0059_0059.jpg 1 11 12 59 59
0441_0008_0023_0048_0048.jpg 1 8 23 48 48
0442_0021_0033_0057_0057.jpg 1 21 33 57 57
0443_0024_0030_0037_0037.jpg 1 24 30 37 37
0444_0044_0013_0037_0037.jpg 1 44 13 37 37
0445_0034_0040_0047_0047.jpg 1 34 40 47 47
0446_0018_0027_0062_0062.jpg 1 18 27 62 62
0447_0026_0013_0049_0049.jpg 1 26 13 49 49
0448_0038_0051_0031_0031.jpg 1 38 51 31 31
0449_0026_0025_0055_0055.jpg 1 26 25 55 55
0450_0005_0042_0046_0046.jpg 1 5 42 46 46
0451_0027_0010_0065_0065.jpg 1 27 10 65 65
0452_0012_0052_0038_0038.jpg 1 12 52 38 38
0453_0025_0003_0067_0067.jpg 1 25 3 67 67
0454_0036_0037_0036_0036.jpg 1 36 37 36 36
0455_0009_0033_0026_0026.jpg 1 9 33 26 26
0456_0010_0044_0041_0041.jpg 1 10 44 41 41
0457_0056_0019_0036_0036.jpg 1 56 19 36 36
0458_0043_0009_0025_0025.jpg 1 43 9 25 25
0459_0027_0023_0069_0069.jpg 1 27 23 69 69
0460_0048_0010_0032_0032.jpg 1 48 10 32 32
0461_0006_0023_0034_0034.jpg 1 6 23 34 34
0462_0011_0008_0049_0049.jpg 1 11 8 49 49
0463_0018_0033_0060_0060.jpg 1 18 33 60 60
0464_0028_0039_0052_0052.jpg 1 28 39 52 52
0465_0046_0045_0039_0039.jpg 1 46 45 39 39
0466_0016_0034_0045_0045.jpg 1 16 34 45 45
0467_0025_0045_0031_0031.jpg 1 25 45 31 31
0468_0008_0021_0056_0056.jpg 1 8 21 56 56
0469_0021_0014_0044_0044.jpg 1 21 14 44 44
0470_0013_0012_0066_0066.jpg 1 13 12 66 66
0471_0033_0006_0057_0057.jpg 1 33 6 57 57
0472_0010_0021_0039_0039.jpg 1 10 21 39 39
0473_0044_0038_0028_0028.jpg 1 44 38 28 28
0474_0026_0019_0068_0068.jpg 1 26 19 68 68
0475_0025_0028_0052_0052.jpg 1 25 28 52 52
0476_0012_0035_0053_0053.jpg 1 12 35 53 53
0477_0019_0006_0062_0062.jpg 1 19 6 62 62
0478_0013_0009_0065_0065.jpg 1 13 9 65 65
0479_0042_0022_0051_0051.jpg 1 42 22 51 51
0480_0027_0033_0050_0050.jpg 1 27 33 50 50
0481_0030_0017_0059_0059.jpg 1 30 17 59 59
0482_0034_0010_0044_0044.jpg 1 34 10 44 44
0483_0021_0025_0038_0038.jpg 1 21 25 38 38
0484_0046_0040_0041_0041.jpg 1 46 40 41 41
0485_0039_0011_0049_0049.jpg 1 39 11 49 49
0486_0021_0004_0061_0061.jpg 1 21 4 61 61
0487_0021_0042_0047_0047.jpg 1 21 42 47 47
0488_0041_0010_0038_0038.jpg 1 41 10 38 38
0489_0020_0031_0061_0061.jpg 1 20 31 61 61
0490_0057_0060_0026_0026.jpg 1 57 60 26 26
0491_0004_0019_0060_0060.jpg 1 4 19 60 60
0492_0065_0016_0027_0027.jpg 1 65 16 27 27
0493_0027_0019_0043_0043.jpg 1 27 19 43 43
0494_0005_0008_0069_0069.jpg 1 5 8 69 69
0495_0025_0021_0063_0063.jpg 1 25 21 63 63
0496_0051_0060_0028_0028.jpg 1 51 60 28 28
0497_0007_0032_0054_0054.jpg 1 7 32 54 54
0498_0044_0005_0046_0046.jpg 1 44 5 46 46
0499_0007_0005_0064_0064.jpg 1 7 5 64 64
0500_0021_0022_0047_0047.jpg 1 21 22 47 47
